<?xml version="1.0" encoding="UTF-8"?>
<!-- Generated by org.testng.reporters.JUnitReportReporter -->
<testsuite hostname="Yeasin" failures="0" tests="1" name="cucumberOptions.TestNGTestRunner" time="7.693" errors="0" timestamp="2024-09-24T12:13:03 EDT" skipped="0">
  <testcase classname="cucumberOptions.TestNGTestRunner" name="runScenario" time="7.693"/>
</testsuite> <!-- cucumberOptions.TestNGTestRunner -->
